# JRE version: OpenJDK Runtime Environment (11.0.10) (build 11.0.10+0-b96-7249189)
# Java VM: OpenJDK 64-Bit Server VM (11.0.10+0-b96-7249189, mixed mode, tiered, compressed oops, g1 gc, windows-amd64)
Heap:
 garbage-first heap   total 92160K, used 75741K [0x0000000080000000, 0x0000000100000000)
  region size 1024K, 7 young (7168K), 1 survivors (1024K)
 Metaspace       used 62852K, capacity 64528K, committed 64640K, reserved 1105920K
  class space    used 7987K, capacity 8560K, committed 8576K, reserved 1048576K
GC Heap History (20 events):
Event: 222.104 GC heap before
{Heap before GC invocations=78 (full 0):
 garbage-first heap   total 92160K, used 75905K [0x0000000080000000, 0x0000000100000000)
  region size 1024K, 8 young (8192K), 1 survivors (1024K)
 Metaspace       used 52593K, capacity 54141K, committed 54272K, reserved 1095680K
  class space    used 6801K, capacity 7317K, committed 7424K, reserved 1048576K
}
Event: 222.109 GC heap after
{Heap after GC invocations=79 (full 0):
 garbage-first heap   total 92160K, used 68884K [0x0000000080000000, 0x0000000100000000)
  region size 1024K, 1 young (1024K), 1 survivors (1024K)
 Metaspace       used 52593K, capacity 54141K, committed 54272K, reserved 1095680K
  class space    used 6801K, capacity 7317K, committed 7424K, reserved 1048576K
}
Event: 225.471 GC heap before
{Heap before GC invocations=79 (full 0):
 garbage-first heap   total 92160K, used 75028K [0x0000000080000000, 0x0000000100000000)
  region size 1024K, 8 young (8192K), 1 survivors (1024K)
 Metaspace       used 53419K, capacity 55021K, committed 55040K, reserved 1097728K
  class space    used 6895K, capacity 7418K, committed 7424K, reserved 1048576K
}
Event: 225.477 GC heap after
{Heap after GC invocations=80 (full 0):
 garbage-first heap   total 92160K, used 69395K [0x0000000080000000, 0x0000000100000000)
  region size 1024K, 1 young (1024K), 1 survivors (1024K)
 Metaspace       used 53419K, capacity 55021K, committed 55040K, reserved 1097728K
  class space    used 6895K, capacity 7418K, committed 7424K, reserved 1048576K
}
Event: 228.030 GC heap before
{Heap before GC invocations=81 (full 0):
 garbage-first heap   total 92160K, used 75539K [0x0000000080000000, 0x0000000100000000)
  region size 1024K, 8 young (8192K), 1 survivors (1024K)
 Metaspace       used 54565K, capacity 56108K, committed 56192K, reserved 1097728K
  class space    used 7024K, capacity 7542K, committed 7552K, reserved 1048576K
}
Event: 228.036 GC heap after
{Heap after GC invocations=82 (full 0):
 garbage-first heap   total 92160K, used 70087K [0x0000000080000000, 0x0000000100000000)
  region size 1024K, 1 young (1024K), 1 survivors (1024K)
 Metaspace       used 54565K, capacity 56108K, committed 56192K, reserved 1097728K
  class space    used 7024K, capacity 7542K, committed 7552K, reserved 1048576K
}
Event: 233.154 GC heap before
{Heap before GC invocations=82 (full 0):
 garbage-first heap   total 92160K, used 77255K [0x0000000080000000, 0x0000000100000000)
  region size 1024K, 8 young (8192K), 1 survivors (1024K)
 Metaspace       used 55416K, capacity 57079K, committed 57344K, reserved 1099776K
  class space    used 7134K, capacity 7654K, committed 7680K, reserved 1048576K
}
Event: 233.160 GC heap after
{Heap after GC invocations=83 (full 0):
 garbage-first heap   total 92160K, used 70255K [0x0000000080000000, 0x0000000100000000)
  region size 1024K, 1 young (1024K), 1 survivors (1024K)
 Metaspace       used 55416K, capacity 57079K, committed 57344K, reserved 1099776K
  class space    used 7134K, capacity 7654K, committed 7680K, reserved 1048576K
}
Event: 234.852 GC heap before
{Heap before GC invocations=84 (full 0):
 garbage-first heap   total 92160K, used 76399K [0x0000000080000000, 0x0000000100000000)
  region size 1024K, 8 young (8192K), 1 survivors (1024K)
 Metaspace       used 56388K, capacity 57998K, committed 58240K, reserved 1099776K
  class space    used 7250K, capacity 7791K, committed 7808K, reserved 1048576K
}
Event: 234.856 GC heap after
{Heap after GC invocations=85 (full 0):
 garbage-first heap   total 92160K, used 70394K [0x0000000080000000, 0x0000000100000000)
  region size 1024K, 1 young (1024K), 1 survivors (1024K)
 Metaspace       used 56388K, capacity 57998K, committed 58240K, reserved 1099776K
  class space    used 7250K, capacity 7791K, committed 7808K, reserved 1048576K
}
Event: 236.706 GC heap before
{Heap before GC invocations=85 (full 0):
 garbage-first heap   total 92160K, used 77562K [0x0000000080000000, 0x0000000100000000)
  region size 1024K, 8 young (8192K), 1 survivors (1024K)
 Metaspace       used 57283K, capacity 58977K, committed 59136K, reserved 1099776K
  class space    used 7369K, capacity 7924K, committed 7936K, reserved 1048576K
}
Event: 236.712 GC heap after
{Heap after GC invocations=86 (full 0):
 garbage-first heap   total 92160K, used 70596K [0x0000000080000000, 0x0000000100000000)
  region size 1024K, 1 young (1024K), 1 survivors (1024K)
 Metaspace       used 57283K, capacity 58977K, committed 59136K, reserved 1099776K
  class space    used 7369K, capacity 7924K, committed 7936K, reserved 1048576K
}
Event: 238.230 GC heap before
{Heap before GC invocations=87 (full 0):
 garbage-first heap   total 92160K, used 77764K [0x0000000080000000, 0x0000000100000000)
  region size 1024K, 8 young (8192K), 1 survivors (1024K)
 Metaspace       used 58339K, capacity 60006K, committed 60032K, reserved 1101824K
  class space    used 7498K, capacity 8055K, committed 8064K, reserved 1048576K
}
Event: 238.235 GC heap after
{Heap after GC invocations=88 (full 0):
 garbage-first heap   total 92160K, used 71007K [0x0000000080000000, 0x0000000100000000)
  region size 1024K, 1 young (1024K), 1 survivors (1024K)
 Metaspace       used 58339K, capacity 60006K, committed 60032K, reserved 1101824K
  class space    used 7498K, capacity 8055K, committed 8064K, reserved 1048576K
}
Event: 239.063 GC heap before
{Heap before GC invocations=88 (full 0):
 garbage-first heap   total 92160K, used 78175K [0x0000000080000000, 0x0000000100000000)
  region size 1024K, 8 young (8192K), 1 survivors (1024K)
 Metaspace       used 59514K, capacity 61193K, committed 61312K, reserved 1101824K
  class space    used 7654K, capacity 8216K, committed 8320K, reserved 1048576K
}
Event: 239.072 GC heap after
{Heap after GC invocations=89 (full 0):
 garbage-first heap   total 92160K, used 71285K [0x0000000080000000, 0x0000000100000000)
  region size 1024K, 1 young (1024K), 1 survivors (1024K)
 Metaspace       used 59514K, capacity 61193K, committed 61312K, reserved 1101824K
  class space    used 7654K, capacity 8216K, committed 8320K, reserved 1048576K
}
Event: 242.243 GC heap before
{Heap before GC invocations=90 (full 0):
 garbage-first heap   total 92160K, used 78453K [0x0000000080000000, 0x0000000100000000)
  region size 1024K, 8 young (8192K), 1 survivors (1024K)
 Metaspace       used 60582K, capacity 62254K, committed 62464K, reserved 1103872K
  class space    used 7763K, capacity 8357K, committed 8448K, reserved 1048576K
}
Event: 242.248 GC heap after
{Heap after GC invocations=91 (full 0):
 garbage-first heap   total 92160K, used 71464K [0x0000000080000000, 0x0000000100000000)
  region size 1024K, 1 young (1024K), 1 survivors (1024K)
 Metaspace       used 60582K, capacity 62254K, committed 62464K, reserved 1103872K
  class space    used 7763K, capacity 8357K, committed 8448K, reserved 1048576K
}
Event: 246.446 GC heap before
{Heap before GC invocations=91 (full 0):
 garbage-first heap   total 92160K, used 78632K [0x0000000080000000, 0x0000000100000000)
  region size 1024K, 8 young (8192K), 1 survivors (1024K)
 Metaspace       used 61998K, capacity 63682K, committed 63872K, reserved 1103872K
  class space    used 7911K, capacity 8492K, committed 8576K, reserved 1048576K
}
Event: 246.450 GC heap after
{Heap after GC invocations=92 (full 0):
 garbage-first heap   total 92160K, used 71645K [0x0000000080000000, 0x0000000100000000)
  region size 1024K, 1 young (1024K), 1 survivors (1024K)
 Metaspace       used 61998K, capacity 63682K, committed 63872K, reserved 1103872K
  class space    used 7911K, capacity 8492K, committed 8576K, reserved 1048576K
}

