# JRE version: OpenJDK Runtime Environment (11.0.10) (build 11.0.10+0-b96-7249189)
# Java VM: OpenJDK 64-Bit Server VM (11.0.10+0-b96-7249189, mixed mode, tiered, compressed oops, g1 gc, windows-amd64)
Heap:
 garbage-first heap   total 402432K, used 188151K [0x0000000080000000, 0x0000000100000000)
  region size 1024K, 4 young (4096K), 1 survivors (1024K)
 Metaspace       used 147179K, capacity 151795K, committed 152064K, reserved 1181696K
  class space    used 18197K, capacity 19924K, committed 19968K, reserved 1048576K
GC Heap History (20 events):
Event: 1096.487 GC heap before
{Heap before GC invocations=299 (full 0):
 garbage-first heap   total 393216K, used 334292K [0x0000000080000000, 0x0000000100000000)
  region size 1024K, 186 young (190464K), 10 survivors (10240K)
 Metaspace       used 140781K, capacity 145065K, committed 145280K, reserved 1175552K
  class space    used 17446K, capacity 19041K, committed 19072K, reserved 1048576K
}
Event: 1096.507 GC heap after
{Heap after GC invocations=300 (full 0):
 garbage-first heap   total 393216K, used 152521K [0x0000000080000000, 0x0000000100000000)
  region size 1024K, 8 young (8192K), 8 survivors (8192K)
 Metaspace       used 140781K, capacity 145065K, committed 145280K, reserved 1175552K
  class space    used 17446K, capacity 19041K, committed 19072K, reserved 1048576K
}
Event: 1097.847 GC heap before
{Heap before GC invocations=300 (full 0):
 garbage-first heap   total 393216K, used 335817K [0x0000000080000000, 0x0000000100000000)
  region size 1024K, 187 young (191488K), 8 survivors (8192K)
 Metaspace       used 140786K, capacity 145129K, committed 145280K, reserved 1175552K
  class space    used 17447K, capacity 19041K, committed 19072K, reserved 1048576K
}
Event: 1097.870 GC heap after
{Heap after GC invocations=301 (full 0):
 garbage-first heap   total 393216K, used 152521K [0x0000000080000000, 0x0000000100000000)
  region size 1024K, 8 young (8192K), 8 survivors (8192K)
 Metaspace       used 140786K, capacity 145129K, committed 145280K, reserved 1175552K
  class space    used 17447K, capacity 19041K, committed 19072K, reserved 1048576K
}
Event: 1099.404 GC heap before
{Heap before GC invocations=301 (full 0):
 garbage-first heap   total 393216K, used 336841K [0x0000000080000000, 0x0000000100000000)
  region size 1024K, 188 young (192512K), 8 survivors (8192K)
 Metaspace       used 140789K, capacity 145129K, committed 145280K, reserved 1175552K
  class space    used 17447K, capacity 19041K, committed 19072K, reserved 1048576K
}
Event: 1099.428 GC heap after
{Heap after GC invocations=302 (full 0):
 garbage-first heap   total 393216K, used 153033K [0x0000000080000000, 0x0000000100000000)
  region size 1024K, 9 young (9216K), 9 survivors (9216K)
 Metaspace       used 140789K, capacity 145129K, committed 145280K, reserved 1175552K
  class space    used 17447K, capacity 19041K, committed 19072K, reserved 1048576K
}
Event: 1100.709 GC heap before
{Heap before GC invocations=302 (full 0):
 garbage-first heap   total 393216K, used 217545K [0x0000000080000000, 0x0000000100000000)
  region size 1024K, 72 young (73728K), 9 survivors (9216K)
 Metaspace       used 141008K, capacity 145444K, committed 145664K, reserved 1175552K
  class space    used 17470K, capacity 19079K, committed 19200K, reserved 1048576K
}
Event: 1100.716 GC heap after
{Heap after GC invocations=303 (full 0):
 garbage-first heap   total 393216K, used 145353K [0x0000000080000000, 0x0000000100000000)
  region size 1024K, 1 young (1024K), 1 survivors (1024K)
 Metaspace       used 141008K, capacity 145444K, committed 145664K, reserved 1175552K
  class space    used 17470K, capacity 19079K, committed 19200K, reserved 1048576K
}
Event: 1106.033 GC heap before
{Heap before GC invocations=304 (full 0):
 garbage-first heap   total 393216K, used 352201K [0x0000000080000000, 0x0000000100000000)
  region size 1024K, 188 young (192512K), 1 survivors (1024K)
 Metaspace       used 141970K, capacity 146433K, committed 146560K, reserved 1177600K
  class space    used 17570K, capacity 19203K, committed 19328K, reserved 1048576K
}
Event: 1106.346 GC heap after
{Heap after GC invocations=305 (full 0):
 garbage-first heap   total 402432K, used 199512K [0x0000000080000000, 0x0000000100000000)
  region size 1024K, 24 young (24576K), 24 survivors (24576K)
 Metaspace       used 141970K, capacity 146433K, committed 146560K, reserved 1177600K
  class space    used 17570K, capacity 19203K, committed 19328K, reserved 1048576K
}
Event: 1106.363 GC heap before
{Heap before GC invocations=305 (full 0):
 garbage-first heap   total 402432K, used 200536K [0x0000000080000000, 0x0000000100000000)
  region size 1024K, 25 young (25600K), 24 survivors (24576K)
 Metaspace       used 141970K, capacity 146433K, committed 146560K, reserved 1177600K
  class space    used 17570K, capacity 19203K, committed 19328K, reserved 1048576K
}
Event: 1106.539 GC heap after
{Heap after GC invocations=306 (full 0):
 garbage-first heap   total 402432K, used 196607K [0x0000000080000000, 0x0000000100000000)
  region size 1024K, 1 young (1024K), 1 survivors (1024K)
 Metaspace       used 141970K, capacity 146433K, committed 146560K, reserved 1177600K
  class space    used 17570K, capacity 19203K, committed 19328K, reserved 1048576K
}
Event: 1108.579 GC heap before
{Heap before GC invocations=306 (full 0):
 garbage-first heap   total 402432K, used 343039K [0x0000000080000000, 0x0000000100000000)
  region size 1024K, 128 young (131072K), 1 survivors (1024K)
 Metaspace       used 141995K, capacity 146433K, committed 146560K, reserved 1177600K
  class space    used 17571K, capacity 19203K, committed 19328K, reserved 1048576K
}
Event: 1108.621 GC heap after
{Heap after GC invocations=307 (full 0):
 garbage-first heap   total 402432K, used 207359K [0x0000000080000000, 0x0000000100000000)
  region size 1024K, 8 young (8192K), 8 survivors (8192K)
 Metaspace       used 141995K, capacity 146433K, committed 146560K, reserved 1177600K
  class space    used 17571K, capacity 19203K, committed 19328K, reserved 1048576K
}
Event: 1116.230 GC heap before
{Heap before GC invocations=307 (full 0):
 garbage-first heap   total 402432K, used 314879K [0x0000000080000000, 0x0000000100000000)
  region size 1024K, 100 young (102400K), 8 survivors (8192K)
 Metaspace       used 145995K, capacity 150495K, committed 150656K, reserved 1179648K
  class space    used 18084K, capacity 19743K, committed 19840K, reserved 1048576K
}
Event: 1116.269 GC heap after
{Heap after GC invocations=308 (full 0):
 garbage-first heap   total 402432K, used 219647K [0x0000000080000000, 0x0000000100000000)
  region size 1024K, 10 young (10240K), 10 survivors (10240K)
 Metaspace       used 145995K, capacity 150495K, committed 150656K, reserved 1179648K
  class space    used 18084K, capacity 19743K, committed 19840K, reserved 1048576K
}
Event: 1946.540 GC heap before
{Heap before GC invocations=309 (full 0):
 garbage-first heap   total 402432K, used 325119K [0x0000000080000000, 0x0000000100000000)
  region size 1024K, 118 young (120832K), 10 survivors (10240K)
 Metaspace       used 146926K, capacity 151463K, committed 151808K, reserved 1181696K
  class space    used 18164K, capacity 19846K, committed 19968K, reserved 1048576K
}
Event: 2046.932 GC heap after
{Heap after GC invocations=310 (full 0):
 garbage-first heap   total 402432K, used 191999K [0x0000000080000000, 0x0000000100000000)
  region size 1024K, 8 young (8192K), 8 survivors (8192K)
 Metaspace       used 146926K, capacity 151463K, committed 151808K, reserved 1181696K
  class space    used 18164K, capacity 19846K, committed 19968K, reserved 1048576K
}
Event: 2285.902 GC heap before
{Heap before GC invocations=310 (full 0):
 garbage-first heap   total 402432K, used 203263K [0x0000000080000000, 0x0000000100000000)
  region size 1024K, 20 young (20480K), 8 survivors (8192K)
 Metaspace       used 147138K, capacity 151751K, committed 152064K, reserved 1181696K
  class space    used 18192K, capacity 19890K, committed 19968K, reserved 1048576K
}
Event: 2347.638 GC heap after
{Heap after GC invocations=311 (full 0):
 garbage-first heap   total 402432K, used 186103K [0x0000000080000000, 0x0000000100000000)
  region size 1024K, 1 young (1024K), 1 survivors (1024K)
 Metaspace       used 147138K, capacity 151751K, committed 152064K, reserved 1181696K
  class space    used 18192K, capacity 19890K, committed 19968K, reserved 1048576K
}

